Using pre-set license
Built from '2020.3/release' branch; Version is '2020.3.2f1 (8fd9074bf66c) revision 9427207'; Using compiler version '192528614'; Build Type 'Release'
OS: 'Windows 10 Home; OS build 19042.1052; Version 2009; 64bit' Language: 'en' Physical Memory: 7959 MB
BatchMode: 1, IsHumanControllingUs: 0, StartBugReporterOnCrash: 0, Is64bit: 1, IsPro: 0

 COMMAND LINE ARGUMENTS:
D:\Unity Projects\2020.3.2f1\Editor\Unity.exe
-adb2
-batchMode
-noUpm
-name
AssetImportWorker6
-projectPath
D:/VRProjects/Planetary-SIM/SolarSystem
-logFile
Logs/AssetImportWorker6.log
-srvPort
51944
Successfully changed project path to: D:/VRProjects/Planetary-SIM/SolarSystem
D:/VRProjects/Planetary-SIM/SolarSystem
Using Asset Import Pipeline V2.
