Using pre-set license
Built from '2020.3/release' branch; Version is '2020.3.2f1 (8fd9074bf66c) revision 9427207'; Using compiler version '192528614'; Build Type 'Release'
OS: 'Windows 10 Home; OS build 19042.1052; Version 2009; 64bit' Language: 'en' Physical Memory: 7959 MB
BatchMode: 1, IsHumanControllingUs: 0, StartBugReporterOnCrash: 0, Is64bit: 1, IsPro: 0

 COMMAND LINE ARGUMENTS:
D:\Unity Projects\2020.3.2f1\Editor\Unity.exe
-adb2
-batchMode
-noUpm
-name
AssetImportWorker1
-projectPath
D:/VRProjects/SolarSystem
-logFile
Logs/AssetImportWorker1.log
-srvPort
59603
Successfully changed project path to: D:/VRProjects/SolarSystem
D:/VRProjects/SolarSystem
Using Asset Import Pipeline V2.
Refreshing native plugins compatible for Editor in 9590.49 ms, found 8 plugins.
Preloading 1 native plugins for Editor in 1147.49 ms.
Initialize engine version: 2020.3.2f1 (8fd9074bf66c)
[Subsystems] Discovering subsystems at path D:/Unity Projects/2020.3.2f1/Editor/Data/Resources/UnitySubsystems
[Subsystems] Discovering subsystems at path D:/VRProjects/SolarSystem/Assets
